<?xml version="1.0" encoding="UTF-8"?>
<testsuite xmlns:xsi="http://www.w3.org/2001/XMLSchema-instance" xsi:noNamespaceSchemaLocation="https://maven.apache.org/surefire/maven-surefire-plugin/xsd/surefire-test-report.xsd" name="com.eureka.me.ribbon.ServiceRibbonApplicationTests" time="6.044" tests="1" errors="0" skipped="0" failures="0">
  <properties>
    <property name="awt.toolkit" value="sun.awt.X11.XToolkit"/>
    <property name="file.encoding.pkg" value="sun.io"/>
    <property name="java.specification.version" value="1.8"/>
    <property name="sun.cpu.isalist" value=""/>
    <property name="sun.jnu.encoding" value="UTF-8"/>
    <property name="java.class.path" value="/home/centin/ideaProject/micro/eureka-me/service-ribbon/target/test-classes:/home/centin/ideaProject/micro/eureka-me/service-ribbon/target/classes:/home/centin/m2/org/springframework/boot/spring-boot-starter-web/2.0.1.RELEASE/spring-boot-starter-web-2.0.1.RELEASE.jar:/home/centin/m2/org/springframework/boot/spring-boot-starter/2.0.1.RELEASE/spring-boot-starter-2.0.1.RELEASE.jar:/home/centin/m2/org/springframework/boot/spring-boot/2.0.1.RELEASE/spring-boot-2.0.1.RELEASE.jar:/home/centin/m2/org/springframework/boot/spring-boot-autoconfigure/2.0.1.RELEASE/spring-boot-autoconfigure-2.0.1.RELEASE.jar:/home/centin/m2/org/springframework/boot/spring-boot-starter-logging/2.0.1.RELEASE/spring-boot-starter-logging-2.0.1.RELEASE.jar:/home/centin/m2/ch/qos/logback/logback-classic/1.2.3/logback-classic-1.2.3.jar:/home/centin/m2/ch/qos/logback/logback-core/1.2.3/logback-core-1.2.3.jar:/home/centin/m2/org/apache/logging/log4j/log4j-to-slf4j/2.10.0/log4j-to-slf4j-2.10.0.jar:/home/centin/m2/org/apache/logging/log4j/log4j-api/2.10.0/log4j-api-2.10.0.jar:/home/centin/m2/org/slf4j/jul-to-slf4j/1.7.25/jul-to-slf4j-1.7.25.jar:/home/centin/m2/javax/annotation/javax.annotation-api/1.3.2/javax.annotation-api-1.3.2.jar:/home/centin/m2/org/yaml/snakeyaml/1.19/snakeyaml-1.19.jar:/home/centin/m2/org/springframework/boot/spring-boot-starter-json/2.0.1.RELEASE/spring-boot-starter-json-2.0.1.RELEASE.jar:/home/centin/m2/com/fasterxml/jackson/core/jackson-databind/2.9.5/jackson-databind-2.9.5.jar:/home/centin/m2/com/fasterxml/jackson/core/jackson-core/2.9.5/jackson-core-2.9.5.jar:/home/centin/m2/com/fasterxml/jackson/datatype/jackson-datatype-jdk8/2.9.5/jackson-datatype-jdk8-2.9.5.jar:/home/centin/m2/com/fasterxml/jackson/datatype/jackson-datatype-jsr310/2.9.5/jackson-datatype-jsr310-2.9.5.jar:/home/centin/m2/com/fasterxml/jackson/module/jackson-module-parameter-names/2.9.5/jackson-module-parameter-names-2.9.5.jar:/home/centin/m2/org/springframework/boot/spring-boot-starter-tomcat/2.0.1.RELEASE/spring-boot-starter-tomcat-2.0.1.RELEASE.jar:/home/centin/m2/org/apache/tomcat/embed/tomcat-embed-core/8.5.29/tomcat-embed-core-8.5.29.jar:/home/centin/m2/org/apache/tomcat/embed/tomcat-embed-el/8.5.29/tomcat-embed-el-8.5.29.jar:/home/centin/m2/org/apache/tomcat/embed/tomcat-embed-websocket/8.5.29/tomcat-embed-websocket-8.5.29.jar:/home/centin/m2/org/hibernate/validator/hibernate-validator/6.0.9.Final/hibernate-validator-6.0.9.Final.jar:/home/centin/m2/javax/validation/validation-api/2.0.1.Final/validation-api-2.0.1.Final.jar:/home/centin/m2/org/jboss/logging/jboss-logging/3.3.2.Final/jboss-logging-3.3.2.Final.jar:/home/centin/m2/org/springframework/spring-web/5.0.5.RELEASE/spring-web-5.0.5.RELEASE.jar:/home/centin/m2/org/springframework/spring-beans/5.0.5.RELEASE/spring-beans-5.0.5.RELEASE.jar:/home/centin/m2/org/springframework/spring-webmvc/5.0.5.RELEASE/spring-webmvc-5.0.5.RELEASE.jar:/home/centin/m2/org/springframework/spring-aop/5.0.5.RELEASE/spring-aop-5.0.5.RELEASE.jar:/home/centin/m2/org/springframework/spring-context/5.0.5.RELEASE/spring-context-5.0.5.RELEASE.jar:/home/centin/m2/org/springframework/spring-expression/5.0.5.RELEASE/spring-expression-5.0.5.RELEASE.jar:/home/centin/m2/org/springframework/boot/spring-boot-starter-test/2.0.1.RELEASE/spring-boot-starter-test-2.0.1.RELEASE.jar:/home/centin/m2/org/springframework/boot/spring-boot-test/2.0.1.RELEASE/spring-boot-test-2.0.1.RELEASE.jar:/home/centin/m2/org/springframework/boot/spring-boot-test-autoconfigure/2.0.1.RELEASE/spring-boot-test-autoconfigure-2.0.1.RELEASE.jar:/home/centin/m2/com/jayway/jsonpath/json-path/2.4.0/json-path-2.4.0.jar:/home/centin/m2/net/minidev/json-smart/2.3/json-smart-2.3.jar:/home/centin/m2/net/minidev/accessors-smart/1.2/accessors-smart-1.2.jar:/home/centin/m2/junit/junit/4.12/junit-4.12.jar:/home/centin/m2/org/assertj/assertj-core/3.9.1/assertj-core-3.9.1.jar:/home/centin/m2/org/mockito/mockito-core/2.15.0/mockito-core-2.15.0.jar:/home/centin/m2/net/bytebuddy/byte-buddy/1.7.11/byte-buddy-1.7.11.jar:/home/centin/m2/net/bytebuddy/byte-buddy-agent/1.7.11/byte-buddy-agent-1.7.11.jar:/home/centin/m2/org/objenesis/objenesis/2.6/objenesis-2.6.jar:/home/centin/m2/org/hamcrest/hamcrest-core/1.3/hamcrest-core-1.3.jar:/home/centin/m2/org/hamcrest/hamcrest-library/1.3/hamcrest-library-1.3.jar:/home/centin/m2/org/skyscreamer/jsonassert/1.5.0/jsonassert-1.5.0.jar:/home/centin/m2/com/vaadin/external/google/android-json/0.0.20131108.vaadin1/android-json-0.0.20131108.vaadin1.jar:/home/centin/m2/org/springframework/spring-core/5.0.5.RELEASE/spring-core-5.0.5.RELEASE.jar:/home/centin/m2/org/springframework/spring-jcl/5.0.5.RELEASE/spring-jcl-5.0.5.RELEASE.jar:/home/centin/m2/org/springframework/spring-test/5.0.5.RELEASE/spring-test-5.0.5.RELEASE.jar:/home/centin/m2/org/xmlunit/xmlunit-core/2.5.1/xmlunit-core-2.5.1.jar:/home/centin/m2/io/zipkin/brave/brave-core/3.9.0/brave-core-3.9.0.jar:/home/centin/m2/io/zipkin/java/zipkin/1.0.0/zipkin-1.0.0.jar:/home/centin/m2/io/zipkin/brave/brave-spancollector-http/3.9.0/brave-spancollector-http-3.9.0.jar:/home/centin/m2/io/zipkin/brave/brave-web-servlet-filter/3.9.0/brave-web-servlet-filter-3.9.0.jar:/home/centin/m2/io/zipkin/brave/brave-http/3.9.0/brave-http-3.9.0.jar:/home/centin/m2/io/zipkin/brave/brave-okhttp/3.9.0/brave-okhttp-3.9.0.jar:/home/centin/m2/com/squareup/okhttp3/okhttp/3.2.0/okhttp-3.2.0.jar:/home/centin/m2/com/squareup/okio/okio/1.6.0/okio-1.6.0.jar:/home/centin/m2/io/springfox/springfox-swagger2/2.6.1/springfox-swagger2-2.6.1.jar:/home/centin/m2/io/swagger/swagger-annotations/1.5.10/swagger-annotations-1.5.10.jar:/home/centin/m2/io/swagger/swagger-models/1.5.10/swagger-models-1.5.10.jar:/home/centin/m2/com/fasterxml/jackson/core/jackson-annotations/2.9.0/jackson-annotations-2.9.0.jar:/home/centin/m2/io/springfox/springfox-spi/2.6.1/springfox-spi-2.6.1.jar:/home/centin/m2/io/springfox/springfox-core/2.6.1/springfox-core-2.6.1.jar:/home/centin/m2/io/springfox/springfox-schema/2.6.1/springfox-schema-2.6.1.jar:/home/centin/m2/io/springfox/springfox-swagger-common/2.6.1/springfox-swagger-common-2.6.1.jar:/home/centin/m2/io/springfox/springfox-spring-web/2.6.1/springfox-spring-web-2.6.1.jar:/home/centin/m2/com/google/guava/guava/18.0/guava-18.0.jar:/home/centin/m2/com/fasterxml/classmate/1.3.4/classmate-1.3.4.jar:/home/centin/m2/org/slf4j/slf4j-api/1.7.25/slf4j-api-1.7.25.jar:/home/centin/m2/org/springframework/plugin/spring-plugin-core/1.2.0.RELEASE/spring-plugin-core-1.2.0.RELEASE.jar:/home/centin/m2/org/springframework/plugin/spring-plugin-metadata/1.2.0.RELEASE/spring-plugin-metadata-1.2.0.RELEASE.jar:/home/centin/m2/org/mapstruct/mapstruct/1.0.0.Final/mapstruct-1.0.0.Final.jar:/home/centin/m2/io/springfox/springfox-swagger-ui/2.6.1/springfox-swagger-ui-2.6.1.jar:/home/centin/m2/org/springframework/cloud/spring-cloud-starter-eureka/2.0.0.BUILD-SNAPSHOT/spring-cloud-starter-eureka-2.0.0.BUILD-SNAPSHOT.jar:/home/centin/m2/org/springframework/cloud/spring-cloud-starter-netflix-eureka-client/2.0.0.BUILD-SNAPSHOT/spring-cloud-starter-netflix-eureka-client-2.0.0.BUILD-SNAPSHOT.jar:/home/centin/m2/org/springframework/cloud/spring-cloud-starter/2.0.0.BUILD-SNAPSHOT/spring-cloud-starter-2.0.0.BUILD-SNAPSHOT.jar:/home/centin/m2/org/springframework/cloud/spring-cloud-context/2.0.0.BUILD-SNAPSHOT/spring-cloud-context-2.0.0.BUILD-SNAPSHOT.jar:/home/centin/m2/org/springframework/security/spring-security-crypto/5.0.4.RELEASE/spring-security-crypto-5.0.4.RELEASE.jar:/home/centin/m2/org/springframework/cloud/spring-cloud-commons/2.0.0.BUILD-SNAPSHOT/spring-cloud-commons-2.0.0.BUILD-SNAPSHOT.jar:/home/centin/m2/org/springframework/security/spring-security-rsa/1.0.5.RELEASE/spring-security-rsa-1.0.5.RELEASE.jar:/home/centin/m2/org/bouncycastle/bcpkix-jdk15on/1.56/bcpkix-jdk15on-1.56.jar:/home/centin/m2/org/bouncycastle/bcprov-jdk15on/1.56/bcprov-jdk15on-1.56.jar:/home/centin/m2/com/netflix/eureka/eureka-client/1.9.2/eureka-client-1.9.2.jar:/home/centin/m2/org/codehaus/jettison/jettison/1.3.7/jettison-1.3.7.jar:/home/centin/m2/stax/stax-api/1.0.1/stax-api-1.0.1.jar:/home/centin/m2/com/netflix/netflix-commons/netflix-eventbus/0.3.0/netflix-eventbus-0.3.0.jar:/home/centin/m2/com/netflix/netflix-commons/netflix-infix/0.3.0/netflix-infix-0.3.0.jar:/home/centin/m2/commons-jxpath/commons-jxpath/1.3/commons-jxpath-1.3.jar:/home/centin/m2/joda-time/joda-time/2.9.9/joda-time-2.9.9.jar:/home/centin/m2/org/antlr/antlr-runtime/3.4/antlr-runtime-3.4.jar:/home/centin/m2/org/antlr/stringtemplate/3.2.1/stringtemplate-3.2.1.jar:/home/centin/m2/antlr/antlr/2.7.7/antlr-2.7.7.jar:/home/centin/m2/com/google/code/gson/gson/2.8.2/gson-2.8.2.jar:/home/centin/m2/org/apache/commons/commons-math/2.2/commons-math-2.2.jar:/home/centin/m2/com/netflix/archaius/archaius-core/0.7.6/archaius-core-0.7.6.jar:/home/centin/m2/javax/ws/rs/jsr311-api/1.1.1/jsr311-api-1.1.1.jar:/home/centin/m2/com/netflix/servo/servo-core/0.12.21/servo-core-0.12.21.jar:/home/centin/m2/com/sun/jersey/jersey-core/1.19.1/jersey-core-1.19.1.jar:/home/centin/m2/com/sun/jersey/jersey-client/1.19.1/jersey-client-1.19.1.jar:/home/centin/m2/com/sun/jersey/contribs/jersey-apache-client4/1.19.1/jersey-apache-client4-1.19.1.jar:/home/centin/m2/org/apache/httpcomponents/httpclient/4.5.5/httpclient-4.5.5.jar:/home/centin/m2/org/apache/httpcomponents/httpcore/4.4.9/httpcore-4.4.9.jar:/home/centin/m2/commons-codec/commons-codec/1.11/commons-codec-1.11.jar:/home/centin/m2/com/google/inject/guice/4.1.0/guice-4.1.0.jar:/home/centin/m2/aopalliance/aopalliance/1.0/aopalliance-1.0.jar:/home/centin/m2/com/github/vlsi/compactmap/compactmap/1.2.1/compactmap-1.2.1.jar:/home/centin/m2/com/github/andrewoma/dexx/dexx-collections/0.2/dexx-collections-0.2.jar:/home/centin/m2/com/netflix/eureka/eureka-core/1.9.2/eureka-core-1.9.2.jar:/home/centin/m2/org/codehaus/woodstox/woodstox-core-asl/4.4.1/woodstox-core-asl-4.4.1.jar:/home/centin/m2/javax/xml/stream/stax-api/1.0-2/stax-api-1.0-2.jar:/home/centin/m2/org/codehaus/woodstox/stax2-api/3.1.4/stax2-api-3.1.4.jar:/home/centin/m2/org/springframework/cloud/spring-cloud-starter-netflix-archaius/2.0.0.BUILD-SNAPSHOT/spring-cloud-starter-netflix-archaius-2.0.0.BUILD-SNAPSHOT.jar:/home/centin/m2/org/springframework/cloud/spring-cloud-netflix-archaius/2.0.0.BUILD-SNAPSHOT/spring-cloud-netflix-archaius-2.0.0.BUILD-SNAPSHOT.jar:/home/centin/m2/commons-configuration/commons-configuration/1.8/commons-configuration-1.8.jar:/home/centin/m2/com/netflix/ribbon/ribbon-eureka/2.2.5/ribbon-eureka-2.2.5.jar:/home/centin/m2/com/thoughtworks/xstream/xstream/1.4.10/xstream-1.4.10.jar:/home/centin/m2/xmlpull/xmlpull/1.1.3.1/xmlpull-1.1.3.1.jar:/home/centin/m2/xpp3/xpp3_min/1.1.4c/xpp3_min-1.1.4c.jar:/home/centin/m2/org/springframework/cloud/spring-cloud-starter-ribbon/2.0.0.BUILD-SNAPSHOT/spring-cloud-starter-ribbon-2.0.0.BUILD-SNAPSHOT.jar:/home/centin/m2/org/springframework/cloud/spring-cloud-starter-netflix-ribbon/2.0.0.BUILD-SNAPSHOT/spring-cloud-starter-netflix-ribbon-2.0.0.BUILD-SNAPSHOT.jar:/home/centin/m2/org/springframework/cloud/spring-cloud-netflix-ribbon/2.0.0.BUILD-SNAPSHOT/spring-cloud-netflix-ribbon-2.0.0.BUILD-SNAPSHOT.jar:/home/centin/m2/com/netflix/ribbon/ribbon/2.2.5/ribbon-2.2.5.jar:/home/centin/m2/com/netflix/ribbon/ribbon-transport/2.2.5/ribbon-transport-2.2.5.jar:/home/centin/m2/io/reactivex/rxnetty-contexts/0.4.9/rxnetty-contexts-0.4.9.jar:/home/centin/m2/io/reactivex/rxnetty-servo/0.4.9/rxnetty-servo-0.4.9.jar:/home/centin/m2/javax/inject/javax.inject/1/javax.inject-1.jar:/home/centin/m2/io/reactivex/rxnetty/0.4.9/rxnetty-0.4.9.jar:/home/centin/m2/io/netty/netty-codec-http/4.1.23.Final/netty-codec-http-4.1.23.Final.jar:/home/centin/m2/io/netty/netty-codec/4.1.23.Final/netty-codec-4.1.23.Final.jar:/home/centin/m2/io/netty/netty-transport-native-epoll/4.1.23.Final/netty-transport-native-epoll-4.1.23.Final.jar:/home/centin/m2/io/netty/netty-common/4.1.23.Final/netty-common-4.1.23.Final.jar:/home/centin/m2/io/netty/netty-buffer/4.1.23.Final/netty-buffer-4.1.23.Final.jar:/home/centin/m2/io/netty/netty-transport-native-unix-common/4.1.23.Final/netty-transport-native-unix-common-4.1.23.Final.jar:/home/centin/m2/io/netty/netty-transport/4.1.23.Final/netty-transport-4.1.23.Final.jar:/home/centin/m2/io/netty/netty-resolver/4.1.23.Final/netty-resolver-4.1.23.Final.jar:/home/centin/m2/com/netflix/ribbon/ribbon-core/2.2.5/ribbon-core-2.2.5.jar:/home/centin/m2/commons-lang/commons-lang/2.6/commons-lang-2.6.jar:/home/centin/m2/com/netflix/ribbon/ribbon-httpclient/2.2.5/ribbon-httpclient-2.2.5.jar:/home/centin/m2/commons-collections/commons-collections/3.2.2/commons-collections-3.2.2.jar:/home/centin/m2/com/netflix/netflix-commons/netflix-commons-util/0.1.1/netflix-commons-util-0.1.1.jar:/home/centin/m2/com/netflix/ribbon/ribbon-loadbalancer/2.2.5/ribbon-loadbalancer-2.2.5.jar:/home/centin/m2/com/netflix/netflix-commons/netflix-statistics/0.1.1/netflix-statistics-0.1.1.jar:/home/centin/m2/io/reactivex/rxjava/1.3.8/rxjava-1.3.8.jar:/home/centin/m2/org/springframework/cloud/spring-cloud-netflix-eureka-client/2.0.0.BUILD-SNAPSHOT/spring-cloud-netflix-eureka-client-2.0.0.BUILD-SNAPSHOT.jar:/home/centin/m2/org/springframework/cloud/spring-cloud-netflix-core/2.0.0.BUILD-SNAPSHOT/spring-cloud-netflix-core-2.0.0.BUILD-SNAPSHOT.jar:/home/centin/m2/org/springframework/boot/spring-boot-starter-aop/2.0.1.RELEASE/spring-boot-starter-aop-2.0.1.RELEASE.jar:/home/centin/m2/org/aspectj/aspectjweaver/1.8.13/aspectjweaver-1.8.13.jar:/home/centin/m2/org/springframework/cloud/spring-cloud-starter-hystrix/2.0.0.BUILD-SNAPSHOT/spring-cloud-starter-hystrix-2.0.0.BUILD-SNAPSHOT.jar:/home/centin/m2/org/springframework/cloud/spring-cloud-starter-netflix-hystrix/2.0.0.BUILD-SNAPSHOT/spring-cloud-starter-netflix-hystrix-2.0.0.BUILD-SNAPSHOT.jar:/home/centin/m2/com/netflix/hystrix/hystrix-core/1.5.12/hystrix-core-1.5.12.jar:/home/centin/m2/org/hdrhistogram/HdrHistogram/2.1.9/HdrHistogram-2.1.9.jar:/home/centin/m2/com/netflix/hystrix/hystrix-serialization/1.5.12/hystrix-serialization-1.5.12.jar:/home/centin/m2/com/fasterxml/jackson/module/jackson-module-afterburner/2.9.5/jackson-module-afterburner-2.9.5.jar:/home/centin/m2/com/netflix/hystrix/hystrix-metrics-event-stream/1.5.12/hystrix-metrics-event-stream-1.5.12.jar:/home/centin/m2/com/netflix/hystrix/hystrix-javanica/1.5.12/hystrix-javanica-1.5.12.jar:/home/centin/m2/org/apache/commons/commons-lang3/3.7/commons-lang3-3.7.jar:/home/centin/m2/org/ow2/asm/asm/5.0.4/asm-5.0.4.jar:/home/centin/m2/io/reactivex/rxjava-reactive-streams/1.2.1/rxjava-reactive-streams-1.2.1.jar:/home/centin/m2/org/reactivestreams/reactive-streams/1.0.2/reactive-streams-1.0.2.jar:"/>
    <property name="java.vm.vendor" value="Oracle Corporation"/>
    <property name="sun.arch.data.model" value="64"/>
    <property name="java.vendor.url" value="http://java.oracle.com/"/>
    <property name="user.timezone" value=""/>
    <property name="java.vm.specification.version" value="1.8"/>
    <property name="os.name" value="Linux"/>
    <property name="user.country" value="US"/>
    <property name="sun.java.launcher" value="SUN_STANDARD"/>
    <property name="sun.boot.library.path" value="/usr/lib/jvm/java-1.8.0-openjdk-1.8.0.161-0.b14.el7_4.x86_64/jre/lib/amd64"/>
    <property name="sun.java.command" value="/home/centin/ideaProject/micro/eureka-me/service-ribbon/target/surefire/surefirebooter847725694515156366.jar /home/centin/ideaProject/micro/eureka-me/service-ribbon/target/surefire 2018-06-04T09-48-15_252-jvmRun1 surefire2556347371292338084tmp surefire_04160640748168331879tmp"/>
    <property name="surefire.test.class.path" value="/home/centin/ideaProject/micro/eureka-me/service-ribbon/target/test-classes:/home/centin/ideaProject/micro/eureka-me/service-ribbon/target/classes:/home/centin/m2/org/springframework/boot/spring-boot-starter-web/2.0.1.RELEASE/spring-boot-starter-web-2.0.1.RELEASE.jar:/home/centin/m2/org/springframework/boot/spring-boot-starter/2.0.1.RELEASE/spring-boot-starter-2.0.1.RELEASE.jar:/home/centin/m2/org/springframework/boot/spring-boot/2.0.1.RELEASE/spring-boot-2.0.1.RELEASE.jar:/home/centin/m2/org/springframework/boot/spring-boot-autoconfigure/2.0.1.RELEASE/spring-boot-autoconfigure-2.0.1.RELEASE.jar:/home/centin/m2/org/springframework/boot/spring-boot-starter-logging/2.0.1.RELEASE/spring-boot-starter-logging-2.0.1.RELEASE.jar:/home/centin/m2/ch/qos/logback/logback-classic/1.2.3/logback-classic-1.2.3.jar:/home/centin/m2/ch/qos/logback/logback-core/1.2.3/logback-core-1.2.3.jar:/home/centin/m2/org/apache/logging/log4j/log4j-to-slf4j/2.10.0/log4j-to-slf4j-2.10.0.jar:/home/centin/m2/org/apache/logging/log4j/log4j-api/2.10.0/log4j-api-2.10.0.jar:/home/centin/m2/org/slf4j/jul-to-slf4j/1.7.25/jul-to-slf4j-1.7.25.jar:/home/centin/m2/javax/annotation/javax.annotation-api/1.3.2/javax.annotation-api-1.3.2.jar:/home/centin/m2/org/yaml/snakeyaml/1.19/snakeyaml-1.19.jar:/home/centin/m2/org/springframework/boot/spring-boot-starter-json/2.0.1.RELEASE/spring-boot-starter-json-2.0.1.RELEASE.jar:/home/centin/m2/com/fasterxml/jackson/core/jackson-databind/2.9.5/jackson-databind-2.9.5.jar:/home/centin/m2/com/fasterxml/jackson/core/jackson-core/2.9.5/jackson-core-2.9.5.jar:/home/centin/m2/com/fasterxml/jackson/datatype/jackson-datatype-jdk8/2.9.5/jackson-datatype-jdk8-2.9.5.jar:/home/centin/m2/com/fasterxml/jackson/datatype/jackson-datatype-jsr310/2.9.5/jackson-datatype-jsr310-2.9.5.jar:/home/centin/m2/com/fasterxml/jackson/module/jackson-module-parameter-names/2.9.5/jackson-module-parameter-names-2.9.5.jar:/home/centin/m2/org/springframework/boot/spring-boot-starter-tomcat/2.0.1.RELEASE/spring-boot-starter-tomcat-2.0.1.RELEASE.jar:/home/centin/m2/org/apache/tomcat/embed/tomcat-embed-core/8.5.29/tomcat-embed-core-8.5.29.jar:/home/centin/m2/org/apache/tomcat/embed/tomcat-embed-el/8.5.29/tomcat-embed-el-8.5.29.jar:/home/centin/m2/org/apache/tomcat/embed/tomcat-embed-websocket/8.5.29/tomcat-embed-websocket-8.5.29.jar:/home/centin/m2/org/hibernate/validator/hibernate-validator/6.0.9.Final/hibernate-validator-6.0.9.Final.jar:/home/centin/m2/javax/validation/validation-api/2.0.1.Final/validation-api-2.0.1.Final.jar:/home/centin/m2/org/jboss/logging/jboss-logging/3.3.2.Final/jboss-logging-3.3.2.Final.jar:/home/centin/m2/org/springframework/spring-web/5.0.5.RELEASE/spring-web-5.0.5.RELEASE.jar:/home/centin/m2/org/springframework/spring-beans/5.0.5.RELEASE/spring-beans-5.0.5.RELEASE.jar:/home/centin/m2/org/springframework/spring-webmvc/5.0.5.RELEASE/spring-webmvc-5.0.5.RELEASE.jar:/home/centin/m2/org/springframework/spring-aop/5.0.5.RELEASE/spring-aop-5.0.5.RELEASE.jar:/home/centin/m2/org/springframework/spring-context/5.0.5.RELEASE/spring-context-5.0.5.RELEASE.jar:/home/centin/m2/org/springframework/spring-expression/5.0.5.RELEASE/spring-expression-5.0.5.RELEASE.jar:/home/centin/m2/org/springframework/boot/spring-boot-starter-test/2.0.1.RELEASE/spring-boot-starter-test-2.0.1.RELEASE.jar:/home/centin/m2/org/springframework/boot/spring-boot-test/2.0.1.RELEASE/spring-boot-test-2.0.1.RELEASE.jar:/home/centin/m2/org/springframework/boot/spring-boot-test-autoconfigure/2.0.1.RELEASE/spring-boot-test-autoconfigure-2.0.1.RELEASE.jar:/home/centin/m2/com/jayway/jsonpath/json-path/2.4.0/json-path-2.4.0.jar:/home/centin/m2/net/minidev/json-smart/2.3/json-smart-2.3.jar:/home/centin/m2/net/minidev/accessors-smart/1.2/accessors-smart-1.2.jar:/home/centin/m2/junit/junit/4.12/junit-4.12.jar:/home/centin/m2/org/assertj/assertj-core/3.9.1/assertj-core-3.9.1.jar:/home/centin/m2/org/mockito/mockito-core/2.15.0/mockito-core-2.15.0.jar:/home/centin/m2/net/bytebuddy/byte-buddy/1.7.11/byte-buddy-1.7.11.jar:/home/centin/m2/net/bytebuddy/byte-buddy-agent/1.7.11/byte-buddy-agent-1.7.11.jar:/home/centin/m2/org/objenesis/objenesis/2.6/objenesis-2.6.jar:/home/centin/m2/org/hamcrest/hamcrest-core/1.3/hamcrest-core-1.3.jar:/home/centin/m2/org/hamcrest/hamcrest-library/1.3/hamcrest-library-1.3.jar:/home/centin/m2/org/skyscreamer/jsonassert/1.5.0/jsonassert-1.5.0.jar:/home/centin/m2/com/vaadin/external/google/android-json/0.0.20131108.vaadin1/android-json-0.0.20131108.vaadin1.jar:/home/centin/m2/org/springframework/spring-core/5.0.5.RELEASE/spring-core-5.0.5.RELEASE.jar:/home/centin/m2/org/springframework/spring-jcl/5.0.5.RELEASE/spring-jcl-5.0.5.RELEASE.jar:/home/centin/m2/org/springframework/spring-test/5.0.5.RELEASE/spring-test-5.0.5.RELEASE.jar:/home/centin/m2/org/xmlunit/xmlunit-core/2.5.1/xmlunit-core-2.5.1.jar:/home/centin/m2/io/zipkin/brave/brave-core/3.9.0/brave-core-3.9.0.jar:/home/centin/m2/io/zipkin/java/zipkin/1.0.0/zipkin-1.0.0.jar:/home/centin/m2/io/zipkin/brave/brave-spancollector-http/3.9.0/brave-spancollector-http-3.9.0.jar:/home/centin/m2/io/zipkin/brave/brave-web-servlet-filter/3.9.0/brave-web-servlet-filter-3.9.0.jar:/home/centin/m2/io/zipkin/brave/brave-http/3.9.0/brave-http-3.9.0.jar:/home/centin/m2/io/zipkin/brave/brave-okhttp/3.9.0/brave-okhttp-3.9.0.jar:/home/centin/m2/com/squareup/okhttp3/okhttp/3.2.0/okhttp-3.2.0.jar:/home/centin/m2/com/squareup/okio/okio/1.6.0/okio-1.6.0.jar:/home/centin/m2/io/springfox/springfox-swagger2/2.6.1/springfox-swagger2-2.6.1.jar:/home/centin/m2/io/swagger/swagger-annotations/1.5.10/swagger-annotations-1.5.10.jar:/home/centin/m2/io/swagger/swagger-models/1.5.10/swagger-models-1.5.10.jar:/home/centin/m2/com/fasterxml/jackson/core/jackson-annotations/2.9.0/jackson-annotations-2.9.0.jar:/home/centin/m2/io/springfox/springfox-spi/2.6.1/springfox-spi-2.6.1.jar:/home/centin/m2/io/springfox/springfox-core/2.6.1/springfox-core-2.6.1.jar:/home/centin/m2/io/springfox/springfox-schema/2.6.1/springfox-schema-2.6.1.jar:/home/centin/m2/io/springfox/springfox-swagger-common/2.6.1/springfox-swagger-common-2.6.1.jar:/home/centin/m2/io/springfox/springfox-spring-web/2.6.1/springfox-spring-web-2.6.1.jar:/home/centin/m2/com/google/guava/guava/18.0/guava-18.0.jar:/home/centin/m2/com/fasterxml/classmate/1.3.4/classmate-1.3.4.jar:/home/centin/m2/org/slf4j/slf4j-api/1.7.25/slf4j-api-1.7.25.jar:/home/centin/m2/org/springframework/plugin/spring-plugin-core/1.2.0.RELEASE/spring-plugin-core-1.2.0.RELEASE.jar:/home/centin/m2/org/springframework/plugin/spring-plugin-metadata/1.2.0.RELEASE/spring-plugin-metadata-1.2.0.RELEASE.jar:/home/centin/m2/org/mapstruct/mapstruct/1.0.0.Final/mapstruct-1.0.0.Final.jar:/home/centin/m2/io/springfox/springfox-swagger-ui/2.6.1/springfox-swagger-ui-2.6.1.jar:/home/centin/m2/org/springframework/cloud/spring-cloud-starter-eureka/2.0.0.BUILD-SNAPSHOT/spring-cloud-starter-eureka-2.0.0.BUILD-SNAPSHOT.jar:/home/centin/m2/org/springframework/cloud/spring-cloud-starter-netflix-eureka-client/2.0.0.BUILD-SNAPSHOT/spring-cloud-starter-netflix-eureka-client-2.0.0.BUILD-SNAPSHOT.jar:/home/centin/m2/org/springframework/cloud/spring-cloud-starter/2.0.0.BUILD-SNAPSHOT/spring-cloud-starter-2.0.0.BUILD-SNAPSHOT.jar:/home/centin/m2/org/springframework/cloud/spring-cloud-context/2.0.0.BUILD-SNAPSHOT/spring-cloud-context-2.0.0.BUILD-SNAPSHOT.jar:/home/centin/m2/org/springframework/security/spring-security-crypto/5.0.4.RELEASE/spring-security-crypto-5.0.4.RELEASE.jar:/home/centin/m2/org/springframework/cloud/spring-cloud-commons/2.0.0.BUILD-SNAPSHOT/spring-cloud-commons-2.0.0.BUILD-SNAPSHOT.jar:/home/centin/m2/org/springframework/security/spring-security-rsa/1.0.5.RELEASE/spring-security-rsa-1.0.5.RELEASE.jar:/home/centin/m2/org/bouncycastle/bcpkix-jdk15on/1.56/bcpkix-jdk15on-1.56.jar:/home/centin/m2/org/bouncycastle/bcprov-jdk15on/1.56/bcprov-jdk15on-1.56.jar:/home/centin/m2/com/netflix/eureka/eureka-client/1.9.2/eureka-client-1.9.2.jar:/home/centin/m2/org/codehaus/jettison/jettison/1.3.7/jettison-1.3.7.jar:/home/centin/m2/stax/stax-api/1.0.1/stax-api-1.0.1.jar:/home/centin/m2/com/netflix/netflix-commons/netflix-eventbus/0.3.0/netflix-eventbus-0.3.0.jar:/home/centin/m2/com/netflix/netflix-commons/netflix-infix/0.3.0/netflix-infix-0.3.0.jar:/home/centin/m2/commons-jxpath/commons-jxpath/1.3/commons-jxpath-1.3.jar:/home/centin/m2/joda-time/joda-time/2.9.9/joda-time-2.9.9.jar:/home/centin/m2/org/antlr/antlr-runtime/3.4/antlr-runtime-3.4.jar:/home/centin/m2/org/antlr/stringtemplate/3.2.1/stringtemplate-3.2.1.jar:/home/centin/m2/antlr/antlr/2.7.7/antlr-2.7.7.jar:/home/centin/m2/com/google/code/gson/gson/2.8.2/gson-2.8.2.jar:/home/centin/m2/org/apache/commons/commons-math/2.2/commons-math-2.2.jar:/home/centin/m2/com/netflix/archaius/archaius-core/0.7.6/archaius-core-0.7.6.jar:/home/centin/m2/javax/ws/rs/jsr311-api/1.1.1/jsr311-api-1.1.1.jar:/home/centin/m2/com/netflix/servo/servo-core/0.12.21/servo-core-0.12.21.jar:/home/centin/m2/com/sun/jersey/jersey-core/1.19.1/jersey-core-1.19.1.jar:/home/centin/m2/com/sun/jersey/jersey-client/1.19.1/jersey-client-1.19.1.jar:/home/centin/m2/com/sun/jersey/contribs/jersey-apache-client4/1.19.1/jersey-apache-client4-1.19.1.jar:/home/centin/m2/org/apache/httpcomponents/httpclient/4.5.5/httpclient-4.5.5.jar:/home/centin/m2/org/apache/httpcomponents/httpcore/4.4.9/httpcore-4.4.9.jar:/home/centin/m2/commons-codec/commons-codec/1.11/commons-codec-1.11.jar:/home/centin/m2/com/google/inject/guice/4.1.0/guice-4.1.0.jar:/home/centin/m2/aopalliance/aopalliance/1.0/aopalliance-1.0.jar:/home/centin/m2/com/github/vlsi/compactmap/compactmap/1.2.1/compactmap-1.2.1.jar:/home/centin/m2/com/github/andrewoma/dexx/dexx-collections/0.2/dexx-collections-0.2.jar:/home/centin/m2/com/netflix/eureka/eureka-core/1.9.2/eureka-core-1.9.2.jar:/home/centin/m2/org/codehaus/woodstox/woodstox-core-asl/4.4.1/woodstox-core-asl-4.4.1.jar:/home/centin/m2/javax/xml/stream/stax-api/1.0-2/stax-api-1.0-2.jar:/home/centin/m2/org/codehaus/woodstox/stax2-api/3.1.4/stax2-api-3.1.4.jar:/home/centin/m2/org/springframework/cloud/spring-cloud-starter-netflix-archaius/2.0.0.BUILD-SNAPSHOT/spring-cloud-starter-netflix-archaius-2.0.0.BUILD-SNAPSHOT.jar:/home/centin/m2/org/springframework/cloud/spring-cloud-netflix-archaius/2.0.0.BUILD-SNAPSHOT/spring-cloud-netflix-archaius-2.0.0.BUILD-SNAPSHOT.jar:/home/centin/m2/commons-configuration/commons-configuration/1.8/commons-configuration-1.8.jar:/home/centin/m2/com/netflix/ribbon/ribbon-eureka/2.2.5/ribbon-eureka-2.2.5.jar:/home/centin/m2/com/thoughtworks/xstream/xstream/1.4.10/xstream-1.4.10.jar:/home/centin/m2/xmlpull/xmlpull/1.1.3.1/xmlpull-1.1.3.1.jar:/home/centin/m2/xpp3/xpp3_min/1.1.4c/xpp3_min-1.1.4c.jar:/home/centin/m2/org/springframework/cloud/spring-cloud-starter-ribbon/2.0.0.BUILD-SNAPSHOT/spring-cloud-starter-ribbon-2.0.0.BUILD-SNAPSHOT.jar:/home/centin/m2/org/springframework/cloud/spring-cloud-starter-netflix-ribbon/2.0.0.BUILD-SNAPSHOT/spring-cloud-starter-netflix-ribbon-2.0.0.BUILD-SNAPSHOT.jar:/home/centin/m2/org/springframework/cloud/spring-cloud-netflix-ribbon/2.0.0.BUILD-SNAPSHOT/spring-cloud-netflix-ribbon-2.0.0.BUILD-SNAPSHOT.jar:/home/centin/m2/com/netflix/ribbon/ribbon/2.2.5/ribbon-2.2.5.jar:/home/centin/m2/com/netflix/ribbon/ribbon-transport/2.2.5/ribbon-transport-2.2.5.jar:/home/centin/m2/io/reactivex/rxnetty-contexts/0.4.9/rxnetty-contexts-0.4.9.jar:/home/centin/m2/io/reactivex/rxnetty-servo/0.4.9/rxnetty-servo-0.4.9.jar:/home/centin/m2/javax/inject/javax.inject/1/javax.inject-1.jar:/home/centin/m2/io/reactivex/rxnetty/0.4.9/rxnetty-0.4.9.jar:/home/centin/m2/io/netty/netty-codec-http/4.1.23.Final/netty-codec-http-4.1.23.Final.jar:/home/centin/m2/io/netty/netty-codec/4.1.23.Final/netty-codec-4.1.23.Final.jar:/home/centin/m2/io/netty/netty-transport-native-epoll/4.1.23.Final/netty-transport-native-epoll-4.1.23.Final.jar:/home/centin/m2/io/netty/netty-common/4.1.23.Final/netty-common-4.1.23.Final.jar:/home/centin/m2/io/netty/netty-buffer/4.1.23.Final/netty-buffer-4.1.23.Final.jar:/home/centin/m2/io/netty/netty-transport-native-unix-common/4.1.23.Final/netty-transport-native-unix-common-4.1.23.Final.jar:/home/centin/m2/io/netty/netty-transport/4.1.23.Final/netty-transport-4.1.23.Final.jar:/home/centin/m2/io/netty/netty-resolver/4.1.23.Final/netty-resolver-4.1.23.Final.jar:/home/centin/m2/com/netflix/ribbon/ribbon-core/2.2.5/ribbon-core-2.2.5.jar:/home/centin/m2/commons-lang/commons-lang/2.6/commons-lang-2.6.jar:/home/centin/m2/com/netflix/ribbon/ribbon-httpclient/2.2.5/ribbon-httpclient-2.2.5.jar:/home/centin/m2/commons-collections/commons-collections/3.2.2/commons-collections-3.2.2.jar:/home/centin/m2/com/netflix/netflix-commons/netflix-commons-util/0.1.1/netflix-commons-util-0.1.1.jar:/home/centin/m2/com/netflix/ribbon/ribbon-loadbalancer/2.2.5/ribbon-loadbalancer-2.2.5.jar:/home/centin/m2/com/netflix/netflix-commons/netflix-statistics/0.1.1/netflix-statistics-0.1.1.jar:/home/centin/m2/io/reactivex/rxjava/1.3.8/rxjava-1.3.8.jar:/home/centin/m2/org/springframework/cloud/spring-cloud-netflix-eureka-client/2.0.0.BUILD-SNAPSHOT/spring-cloud-netflix-eureka-client-2.0.0.BUILD-SNAPSHOT.jar:/home/centin/m2/org/springframework/cloud/spring-cloud-netflix-core/2.0.0.BUILD-SNAPSHOT/spring-cloud-netflix-core-2.0.0.BUILD-SNAPSHOT.jar:/home/centin/m2/org/springframework/boot/spring-boot-starter-aop/2.0.1.RELEASE/spring-boot-starter-aop-2.0.1.RELEASE.jar:/home/centin/m2/org/aspectj/aspectjweaver/1.8.13/aspectjweaver-1.8.13.jar:/home/centin/m2/org/springframework/cloud/spring-cloud-starter-hystrix/2.0.0.BUILD-SNAPSHOT/spring-cloud-starter-hystrix-2.0.0.BUILD-SNAPSHOT.jar:/home/centin/m2/org/springframework/cloud/spring-cloud-starter-netflix-hystrix/2.0.0.BUILD-SNAPSHOT/spring-cloud-starter-netflix-hystrix-2.0.0.BUILD-SNAPSHOT.jar:/home/centin/m2/com/netflix/hystrix/hystrix-core/1.5.12/hystrix-core-1.5.12.jar:/home/centin/m2/org/hdrhistogram/HdrHistogram/2.1.9/HdrHistogram-2.1.9.jar:/home/centin/m2/com/netflix/hystrix/hystrix-serialization/1.5.12/hystrix-serialization-1.5.12.jar:/home/centin/m2/com/fasterxml/jackson/module/jackson-module-afterburner/2.9.5/jackson-module-afterburner-2.9.5.jar:/home/centin/m2/com/netflix/hystrix/hystrix-metrics-event-stream/1.5.12/hystrix-metrics-event-stream-1.5.12.jar:/home/centin/m2/com/netflix/hystrix/hystrix-javanica/1.5.12/hystrix-javanica-1.5.12.jar:/home/centin/m2/org/apache/commons/commons-lang3/3.7/commons-lang3-3.7.jar:/home/centin/m2/org/ow2/asm/asm/5.0.4/asm-5.0.4.jar:/home/centin/m2/io/reactivex/rxjava-reactive-streams/1.2.1/rxjava-reactive-streams-1.2.1.jar:/home/centin/m2/org/reactivestreams/reactive-streams/1.0.2/reactive-streams-1.0.2.jar:"/>
    <property name="sun.cpu.endian" value="little"/>
    <property name="user.home" value="/home/centin"/>
    <property name="user.language" value="en"/>
    <property name="java.specification.vendor" value="Oracle Corporation"/>
    <property name="java.home" value="/usr/lib/jvm/java-1.8.0-openjdk-1.8.0.161-0.b14.el7_4.x86_64/jre"/>
    <property name="basedir" value="/home/centin/ideaProject/micro/eureka-me/service-ribbon"/>
    <property name="file.separator" value="/"/>
    <property name="line.separator" value="&#10;"/>
    <property name="java.vm.specification.vendor" value="Oracle Corporation"/>
    <property name="java.specification.name" value="Java Platform API Specification"/>
    <property name="java.awt.graphicsenv" value="sun.awt.X11GraphicsEnvironment"/>
    <property name="surefire.real.class.path" value="/home/centin/ideaProject/micro/eureka-me/service-ribbon/target/surefire/surefirebooter847725694515156366.jar"/>
    <property name="sun.boot.class.path" value="/usr/lib/jvm/java-1.8.0-openjdk-1.8.0.161-0.b14.el7_4.x86_64/jre/lib/resources.jar:/usr/lib/jvm/java-1.8.0-openjdk-1.8.0.161-0.b14.el7_4.x86_64/jre/lib/rt.jar:/usr/lib/jvm/java-1.8.0-openjdk-1.8.0.161-0.b14.el7_4.x86_64/jre/lib/sunrsasign.jar:/usr/lib/jvm/java-1.8.0-openjdk-1.8.0.161-0.b14.el7_4.x86_64/jre/lib/jsse.jar:/usr/lib/jvm/java-1.8.0-openjdk-1.8.0.161-0.b14.el7_4.x86_64/jre/lib/jce.jar:/usr/lib/jvm/java-1.8.0-openjdk-1.8.0.161-0.b14.el7_4.x86_64/jre/lib/charsets.jar:/usr/lib/jvm/java-1.8.0-openjdk-1.8.0.161-0.b14.el7_4.x86_64/jre/lib/jfr.jar:/usr/lib/jvm/java-1.8.0-openjdk-1.8.0.161-0.b14.el7_4.x86_64/jre/classes"/>
    <property name="sun.management.compiler" value="HotSpot 64-Bit Tiered Compilers"/>
    <property name="java.runtime.version" value="1.8.0_161-b14"/>
    <property name="user.name" value="centin"/>
    <property name="path.separator" value=":"/>
    <property name="os.version" value="3.10.0-514.el7.x86_64"/>
    <property name="java.endorsed.dirs" value="/usr/lib/jvm/java-1.8.0-openjdk-1.8.0.161-0.b14.el7_4.x86_64/jre/lib/endorsed"/>
    <property name="java.runtime.name" value="OpenJDK Runtime Environment"/>
    <property name="file.encoding" value="UTF-8"/>
    <property name="java.vm.name" value="OpenJDK 64-Bit Server VM"/>
    <property name="localRepository" value="/home/centin/m2"/>
    <property name="java.vendor.url.bug" value="http://bugreport.sun.com/bugreport/"/>
    <property name="java.io.tmpdir" value="/tmp"/>
    <property name="idea.version" value="2017.3.4"/>
    <property name="java.version" value="1.8.0_161"/>
    <property name="user.dir" value="/home/centin/ideaProject/micro/eureka-me/service-ribbon"/>
    <property name="os.arch" value="amd64"/>
    <property name="java.vm.specification.name" value="Java Virtual Machine Specification"/>
    <property name="java.awt.printerjob" value="sun.print.PSPrinterJob"/>
    <property name="sun.os.patch.level" value="unknown"/>
    <property name="java.library.path" value="/usr/java/packages/lib/amd64:/usr/lib64:/lib64:/lib:/usr/lib"/>
    <property name="java.vm.info" value="mixed mode"/>
    <property name="java.vendor" value="Oracle Corporation"/>
    <property name="java.vm.version" value="25.161-b14"/>
    <property name="java.ext.dirs" value="/usr/lib/jvm/java-1.8.0-openjdk-1.8.0.161-0.b14.el7_4.x86_64/jre/lib/ext:/usr/java/packages/lib/ext"/>
    <property name="sun.io.unicode.encoding" value="UnicodeLittle"/>
    <property name="maven.repo.local" value="/home/centin/m2"/>
    <property name="java.class.version" value="52.0"/>
  </properties>
  <testcase name="contextLoads" classname="com.eureka.me.ribbon.ServiceRibbonApplicationTests" time="0.142"/>
</testsuite>