<?xml version="1.0" encoding="UTF-8" ?>
<testsuite tests="31" failures="0" name="org.springframework.cloud.netflix.zuul.filters.route.restclient.RestClientRibbonCommandIntegrationTests" time="2.035" errors="0" skipped="2">
  <properties>
    <property name="idea.version" value="2017.3.4"/>
    <property name="java.runtime.name" value="OpenJDK Runtime Environment"/>
    <property name="sun.boot.library.path" value="/usr/lib/jvm/java-1.8.0-openjdk-1.8.0.161-0.b14.el7_4.x86_64/jre/lib/amd64"/>
    <property name="java.vm.version" value="25.161-b14"/>
    <property name="java.vm.vendor" value="Oracle Corporation"/>
    <property name="maven.multiModuleProjectDirectory" value="/home/centin/ideaProject/micro/spring-cloud-netflix"/>
    <property name="java.vendor.url" value="http://java.oracle.com/"/>
    <property name="path.separator" value=":"/>
    <property name="guice.disable.misplaced.annotation.check" value="true"/>
    <property name="java.vm.name" value="OpenJDK 64-Bit Server VM"/>
    <property name="file.encoding.pkg" value="sun.io"/>
    <property name="user.country" value="US"/>
    <property name="sun.java.launcher" value="SUN_STANDARD"/>
    <property name="sun.os.patch.level" value="unknown"/>
    <property name="java.vm.specification.name" value="Java Virtual Machine Specification"/>
    <property name="user.dir" value="/home/centin/ideaProject/micro/spring-cloud-netflix"/>
    <property name="java.runtime.version" value="1.8.0_161-b14"/>
    <property name="java.awt.graphicsenv" value="sun.awt.X11GraphicsEnvironment"/>
    <property name="java.endorsed.dirs" value="/usr/lib/jvm/java-1.8.0-openjdk-1.8.0.161-0.b14.el7_4.x86_64/jre/lib/endorsed"/>
    <property name="os.arch" value="amd64"/>
    <property name="java.io.tmpdir" value="/tmp"/>
    <property name="line.separator" value="
"/>
    <property name="java.vm.specification.vendor" value="Oracle Corporation"/>
    <property name="os.name" value="Linux"/>
    <property name="classworlds.conf" value="/home/centin/Program/maven-3.5.3/bin/m2.conf"/>
    <property name="sun.jnu.encoding" value="UTF-8"/>
    <property name="java.library.path" value="/usr/java/packages/lib/amd64:/usr/lib64:/lib64:/lib:/usr/lib"/>
    <property name="maven.conf" value="/home/centin/Program/maven-3.5.3/conf"/>
    <property name="altSnapshotDeploymentRepository" value="repo.spring.io::default::https://repo.spring.io/libs-snapshot-local"/>
    <property name="java.specification.name" value="Java Platform API Specification"/>
    <property name="java.class.version" value="52.0"/>
    <property name="sun.management.compiler" value="HotSpot 64-Bit Tiered Compilers"/>
    <property name="maven.repo.local" value="/home/centin/m2"/>
    <property name="os.version" value="3.10.0-514.el7.x86_64"/>
    <property name="user.home" value="/home/centin"/>
    <property name="user.timezone" value="Asia/Shanghai"/>
    <property name="java.awt.printerjob" value="sun.print.PSPrinterJob"/>
    <property name="java.specification.version" value="1.8"/>
    <property name="file.encoding" value="UTF-8"/>
    <property name="user.name" value="centin"/>
    <property name="java.class.path" value="/home/centin/Program/maven-3.5.3/boot/plexus-classworlds-2.5.2.jar:/home/centin/Program/idea/lib/idea_rt.jar"/>
    <property name="java.vm.specification.version" value="1.8"/>
    <property name="sun.arch.data.model" value="64"/>
    <property name="java.home" value="/usr/lib/jvm/java-1.8.0-openjdk-1.8.0.161-0.b14.el7_4.x86_64/jre"/>
    <property name="sun.java.command" value="org.codehaus.classworlds.Launcher -Didea.version=2017.3.4 -s /home/centin/ideaProject/micro/settings.xml -Dmaven.repo.local=/home/centin/m2 install"/>
    <property name="java.specification.vendor" value="Oracle Corporation"/>
    <property name="user.language" value="en"/>
    <property name="awt.toolkit" value="sun.awt.X11.XToolkit"/>
    <property name="java.vm.info" value="mixed mode"/>
    <property name="java.version" value="1.8.0_161"/>
    <property name="java.ext.dirs" value="/usr/lib/jvm/java-1.8.0-openjdk-1.8.0.161-0.b14.el7_4.x86_64/jre/lib/ext:/usr/java/packages/lib/ext"/>
    <property name="securerandom.source" value="file:/dev/./urandom"/>
    <property name="sun.boot.class.path" value="/usr/lib/jvm/java-1.8.0-openjdk-1.8.0.161-0.b14.el7_4.x86_64/jre/lib/resources.jar:/usr/lib/jvm/java-1.8.0-openjdk-1.8.0.161-0.b14.el7_4.x86_64/jre/lib/rt.jar:/usr/lib/jvm/java-1.8.0-openjdk-1.8.0.161-0.b14.el7_4.x86_64/jre/lib/sunrsasign.jar:/usr/lib/jvm/java-1.8.0-openjdk-1.8.0.161-0.b14.el7_4.x86_64/jre/lib/jsse.jar:/usr/lib/jvm/java-1.8.0-openjdk-1.8.0.161-0.b14.el7_4.x86_64/jre/lib/jce.jar:/usr/lib/jvm/java-1.8.0-openjdk-1.8.0.161-0.b14.el7_4.x86_64/jre/lib/charsets.jar:/usr/lib/jvm/java-1.8.0-openjdk-1.8.0.161-0.b14.el7_4.x86_64/jre/lib/jfr.jar:/usr/lib/jvm/java-1.8.0-openjdk-1.8.0.161-0.b14.el7_4.x86_64/jre/classes"/>
    <property name="java.vendor" value="Oracle Corporation"/>
    <property name="maven.home" value="/home/centin/Program/maven-3.5.3"/>
    <property name="file.separator" value="/"/>
    <property name="java.vendor.url.bug" value="http://bugreport.sun.com/bugreport/"/>
    <property name="sun.cpu.endian" value="little"/>
    <property name="sun.io.unicode.encoding" value="UnicodeLittle"/>
    <property name="sun.cpu.isalist" value=""/>
  </properties>
  <testcase classname="org.springframework.cloud.netflix.zuul.filters.route.restclient.RestClientRibbonCommandIntegrationTests" name="ribbonCommandFactoryOverridden" time="0.004"/>
  <testcase classname="org.springframework.cloud.netflix.zuul.filters.route.restclient.RestClientRibbonCommandIntegrationTests" name="ribbonCommandRandomHostFromConfig" time="0.432"/>
  <testcase classname="org.springframework.cloud.netflix.zuul.filters.route.restclient.RestClientRibbonCommandIntegrationTests" name="simpleHostRouteDefaultIgnoredHeader" time="0.433">
    <skipped/>
  </testcase>
  <testcase classname="org.springframework.cloud.netflix.zuul.filters.route.restclient.RestClientRibbonCommandIntegrationTests" name="routeLocatorOverridden" time="0.002"/>
  <testcase classname="org.springframework.cloud.netflix.zuul.filters.route.restclient.RestClientRibbonCommandIntegrationTests" name="javascriptEncodedFormParams" time="0.269"/>
  <testcase classname="org.springframework.cloud.netflix.zuul.filters.route.restclient.RestClientRibbonCommandIntegrationTests" name="ribbonCommandServiceUnavailable" time="0.012"/>
  <testcase classname="org.springframework.cloud.netflix.zuul.filters.route.restclient.RestClientRibbonCommandIntegrationTests" name="ribbonCommandForbidden" time="0.012"/>
  <testcase classname="org.springframework.cloud.netflix.zuul.filters.route.restclient.RestClientRibbonCommandIntegrationTests" name="simpleHostRouteWithColonParamNames" time="0.022"/>
  <testcase classname="org.springframework.cloud.netflix.zuul.filters.route.restclient.RestClientRibbonCommandIntegrationTests" name="simpleHostRouteWithMatrix" time="0.025"/>
  <testcase classname="org.springframework.cloud.netflix.zuul.filters.route.restclient.RestClientRibbonCommandIntegrationTests" name="simpleHostRouteWithEncodedQuery" time="0.019"/>
  <testcase classname="org.springframework.cloud.netflix.zuul.filters.route.restclient.RestClientRibbonCommandIntegrationTests" name="simpleHostRouteWithQuery" time="0.022"/>
  <testcase classname="org.springframework.cloud.netflix.zuul.filters.route.restclient.RestClientRibbonCommandIntegrationTests" name="simpleHostRouteWithNonExistentUrl" time="0.023"/>
  <testcase classname="org.springframework.cloud.netflix.zuul.filters.route.restclient.RestClientRibbonCommandIntegrationTests" name="ribbonCommandBadHost" time="0.238"/>
  <testcase classname="org.springframework.cloud.netflix.zuul.filters.route.restclient.RestClientRibbonCommandIntegrationTests" name="simpleHostRouteWithContentType" time="0.028"/>
  <testcase classname="org.springframework.cloud.netflix.zuul.filters.route.restclient.RestClientRibbonCommandIntegrationTests" name="simpleHostRouteWithTrailingSlash" time="0.024"/>
  <testcase classname="org.springframework.cloud.netflix.zuul.filters.route.restclient.RestClientRibbonCommandIntegrationTests" name="simpleHostRouteIgnoredHeader" time="0.023"/>
  <testcase classname="org.springframework.cloud.netflix.zuul.filters.route.restclient.RestClientRibbonCommandIntegrationTests" name="getOnSelfViaRibbonRoutingFilter" time="0.024"/>
  <testcase classname="org.springframework.cloud.netflix.zuul.filters.route.restclient.RestClientRibbonCommandIntegrationTests" name="stripPrefixFalseAppendsPath" time="0.019"/>
  <testcase classname="org.springframework.cloud.netflix.zuul.filters.route.restclient.RestClientRibbonCommandIntegrationTests" name="ribbonRouteWithSpace" time="0.022"/>
  <testcase classname="org.springframework.cloud.netflix.zuul.filters.route.restclient.RestClientRibbonCommandIntegrationTests" name="simpleHostRouteWithOverriddenQString" time="0.017"/>
  <testcase classname="org.springframework.cloud.netflix.zuul.filters.route.restclient.RestClientRibbonCommandIntegrationTests" name="getSecondLevel" time="0.212"/>
  <testcase classname="org.springframework.cloud.netflix.zuul.filters.route.restclient.RestClientRibbonCommandIntegrationTests" name="simpleHostRouteWithOriginalQueryString" time="0.013"/>
  <testcase classname="org.springframework.cloud.netflix.zuul.filters.route.restclient.RestClientRibbonCommandIntegrationTests" name="bindRouteUsingPhysicalRoute" time="0.005"/>
  <testcase classname="org.springframework.cloud.netflix.zuul.filters.route.restclient.RestClientRibbonCommandIntegrationTests" name="ribbonDeleteWithBody" time="0.023"/>
  <testcase classname="org.springframework.cloud.netflix.zuul.filters.route.restclient.RestClientRibbonCommandIntegrationTests" name="deleteOnSelfViaSimpleHostRoutingFilter" time="0.022"/>
  <testcase classname="org.springframework.cloud.netflix.zuul.filters.route.restclient.RestClientRibbonCommandIntegrationTests" name="testNotFoundOnProxy" time="0.013"/>
  <testcase classname="org.springframework.cloud.netflix.zuul.filters.route.restclient.RestClientRibbonCommandIntegrationTests" name="bindRouteUsingOnlyPath" time="0.004"/>
  <testcase classname="org.springframework.cloud.netflix.zuul.filters.route.restclient.RestClientRibbonCommandIntegrationTests" name="ribbonRouteWithNonExistentUri" time="0.038"/>
  <testcase classname="org.springframework.cloud.netflix.zuul.filters.route.restclient.RestClientRibbonCommandIntegrationTests" name="simpleHostRouteWithSpace" time="0.015"/>
  <testcase classname="org.springframework.cloud.netflix.zuul.filters.route.restclient.RestClientRibbonCommandIntegrationTests" name="testNotFoundFromApp" time="0.015"/>
  <testcase classname="org.springframework.cloud.netflix.zuul.filters.route.restclient.RestClientRibbonCommandIntegrationTests" name="patchOnSelfViaSimpleHostRoutingFilter" time="0.005">
    <skipped/>
  </testcase>
</testsuite>