<?xml version="1.0" encoding="UTF-8" ?>
<testsuite tests="10" failures="0" name="org.springframework.cloud.netflix.eureka.server.RefreshablePeerEurekaNodesTests" time="1.885" errors="0" skipped="2">
  <properties>
    <property name="idea.version" value="2017.3.4"/>
    <property name="java.runtime.name" value="OpenJDK Runtime Environment"/>
    <property name="sun.boot.library.path" value="/usr/lib/jvm/java-1.8.0-openjdk-1.8.0.161-0.b14.el7_4.x86_64/jre/lib/amd64"/>
    <property name="java.vm.version" value="25.161-b14"/>
    <property name="java.vm.vendor" value="Oracle Corporation"/>
    <property name="maven.multiModuleProjectDirectory" value="/home/centin/ideaProject/micro/spring-cloud-netflix"/>
    <property name="java.vendor.url" value="http://java.oracle.com/"/>
    <property name="path.separator" value=":"/>
    <property name="guice.disable.misplaced.annotation.check" value="true"/>
    <property name="java.vm.name" value="OpenJDK 64-Bit Server VM"/>
    <property name="file.encoding.pkg" value="sun.io"/>
    <property name="user.country" value="US"/>
    <property name="sun.java.launcher" value="SUN_STANDARD"/>
    <property name="sun.os.patch.level" value="unknown"/>
    <property name="java.vm.specification.name" value="Java Virtual Machine Specification"/>
    <property name="user.dir" value="/home/centin/ideaProject/micro/spring-cloud-netflix/spring-cloud-netflix-eureka-server"/>
    <property name="java.runtime.version" value="1.8.0_161-b14"/>
    <property name="java.awt.graphicsenv" value="sun.awt.X11GraphicsEnvironment"/>
    <property name="java.endorsed.dirs" value="/usr/lib/jvm/java-1.8.0-openjdk-1.8.0.161-0.b14.el7_4.x86_64/jre/lib/endorsed"/>
    <property name="os.arch" value="amd64"/>
    <property name="java.io.tmpdir" value="/tmp"/>
    <property name="line.separator" value="
"/>
    <property name="java.vm.specification.vendor" value="Oracle Corporation"/>
    <property name="os.name" value="Linux"/>
    <property name="classworlds.conf" value="/home/centin/Program/maven-3.5.3/bin/m2.conf"/>
    <property name="sun.jnu.encoding" value="UTF-8"/>
    <property name="java.library.path" value="/usr/java/packages/lib/amd64:/usr/lib64:/lib64:/lib:/usr/lib"/>
    <property name="maven.conf" value="/home/centin/Program/maven-3.5.3/conf"/>
    <property name="altSnapshotDeploymentRepository" value="repo.spring.io::default::https://repo.spring.io/libs-snapshot-local"/>
    <property name="java.specification.name" value="Java Platform API Specification"/>
    <property name="java.class.version" value="52.0"/>
    <property name="sun.management.compiler" value="HotSpot 64-Bit Tiered Compilers"/>
    <property name="maven.repo.local" value="/home/centin/m2"/>
    <property name="os.version" value="3.10.0-514.el7.x86_64"/>
    <property name="user.home" value="/home/centin"/>
    <property name="user.timezone" value="Asia/Shanghai"/>
    <property name="java.awt.printerjob" value="sun.print.PSPrinterJob"/>
    <property name="java.specification.version" value="1.8"/>
    <property name="file.encoding" value="UTF-8"/>
    <property name="user.name" value="centin"/>
    <property name="java.class.path" value="/home/centin/Program/maven-3.5.3/boot/plexus-classworlds-2.5.2.jar:/home/centin/Program/idea/lib/idea_rt.jar"/>
    <property name="java.vm.specification.version" value="1.8"/>
    <property name="sun.arch.data.model" value="64"/>
    <property name="java.home" value="/usr/lib/jvm/java-1.8.0-openjdk-1.8.0.161-0.b14.el7_4.x86_64/jre"/>
    <property name="sun.java.command" value="org.codehaus.classworlds.Launcher -Didea.version=2017.3.4 -s /home/centin/ideaProject/micro/settings.xml -Dmaven.repo.local=/home/centin/m2 install"/>
    <property name="java.specification.vendor" value="Oracle Corporation"/>
    <property name="user.language" value="en"/>
    <property name="awt.toolkit" value="sun.awt.X11.XToolkit"/>
    <property name="java.vm.info" value="mixed mode"/>
    <property name="java.version" value="1.8.0_161"/>
    <property name="java.ext.dirs" value="/usr/lib/jvm/java-1.8.0-openjdk-1.8.0.161-0.b14.el7_4.x86_64/jre/lib/ext:/usr/java/packages/lib/ext"/>
    <property name="securerandom.source" value="file:/dev/./urandom"/>
    <property name="sun.boot.class.path" value="/usr/lib/jvm/java-1.8.0-openjdk-1.8.0.161-0.b14.el7_4.x86_64/jre/lib/resources.jar:/usr/lib/jvm/java-1.8.0-openjdk-1.8.0.161-0.b14.el7_4.x86_64/jre/lib/rt.jar:/usr/lib/jvm/java-1.8.0-openjdk-1.8.0.161-0.b14.el7_4.x86_64/jre/lib/sunrsasign.jar:/usr/lib/jvm/java-1.8.0-openjdk-1.8.0.161-0.b14.el7_4.x86_64/jre/lib/jsse.jar:/usr/lib/jvm/java-1.8.0-openjdk-1.8.0.161-0.b14.el7_4.x86_64/jre/lib/jce.jar:/usr/lib/jvm/java-1.8.0-openjdk-1.8.0.161-0.b14.el7_4.x86_64/jre/lib/charsets.jar:/usr/lib/jvm/java-1.8.0-openjdk-1.8.0.161-0.b14.el7_4.x86_64/jre/lib/jfr.jar:/usr/lib/jvm/java-1.8.0-openjdk-1.8.0.161-0.b14.el7_4.x86_64/jre/classes"/>
    <property name="java.vendor" value="Oracle Corporation"/>
    <property name="maven.home" value="/home/centin/Program/maven-3.5.3"/>
    <property name="file.separator" value="/"/>
    <property name="java.vendor.url.bug" value="http://bugreport.sun.com/bugreport/"/>
    <property name="sun.cpu.endian" value="little"/>
    <property name="sun.io.unicode.encoding" value="UnicodeLittle"/>
    <property name="sun.cpu.isalist" value=""/>
  </properties>
  <testcase classname="org.springframework.cloud.netflix.eureka.server.RefreshablePeerEurekaNodesTests" name="updatedWhenAvailabilityZoneChanged" time="0.013">
    <skipped/>
    <system-out>2018-04-29 23:43:20.633  INFO 12030 --- [           main] .b.t.c.SpringBootTestContextBootstrapper : Neither @ContextConfiguration nor @ContextHierarchy found for test class [org.springframework.cloud.netflix.eureka.server.RefreshablePeerEurekaNodesTests], using SpringBootContextLoader
2018-04-29 23:43:20.634  INFO 12030 --- [           main] o.s.t.c.support.AbstractContextLoader    : Could not detect default resource locations for test class [org.springframework.cloud.netflix.eureka.server.RefreshablePeerEurekaNodesTests]: no resource found for suffixes {-context.xml, Context.groovy}.
2018-04-29 23:43:20.638  INFO 12030 --- [           main] .b.t.c.SpringBootTestContextBootstrapper : Loaded default TestExecutionListener class names from location [META-INF/spring.factories]: [org.springframework.boot.test.mock.mockito.MockitoTestExecutionListener, org.springframework.boot.test.mock.mockito.ResetMocksTestExecutionListener, org.springframework.boot.test.autoconfigure.restdocs.RestDocsTestExecutionListener, org.springframework.boot.test.autoconfigure.web.client.MockRestServiceServerResetTestExecutionListener, org.springframework.boot.test.autoconfigure.web.servlet.MockMvcPrintOnlyOnFailureTestExecutionListener, org.springframework.boot.test.autoconfigure.web.servlet.WebDriverTestExecutionListener, org.springframework.test.context.web.ServletTestExecutionListener, org.springframework.test.context.support.DirtiesContextBeforeModesTestExecutionListener, org.springframework.test.context.support.DependencyInjectionTestExecutionListener, org.springframework.test.context.support.DirtiesContextTestExecutionListener, org.springframework.test.context.transaction.TransactionalTestExecutionListener, org.springframework.test.context.jdbc.SqlScriptsTestExecutionListener]
2018-04-29 23:43:20.641  INFO 12030 --- [           main] .b.t.c.SpringBootTestContextBootstrapper : Using TestExecutionListeners: [org.springframework.test.context.web.ServletTestExecutionListener@65234a9, org.springframework.test.context.support.DirtiesContextBeforeModesTestExecutionListener@4004bfba, org.springframework.boot.test.mock.mockito.MockitoTestExecutionListener@c19bb2a, org.springframework.boot.test.autoconfigure.SpringBootDependencyInjectionTestExecutionListener@3599b18, org.springframework.test.context.support.DirtiesContextTestExecutionListener@143900a6, org.springframework.boot.test.mock.mockito.ResetMocksTestExecutionListener@712594f4, org.springframework.boot.test.autoconfigure.restdocs.RestDocsTestExecutionListener@30a4a111, org.springframework.boot.test.autoconfigure.web.client.MockRestServiceServerResetTestExecutionListener@7f6a6d46, org.springframework.boot.test.autoconfigure.web.servlet.MockMvcPrintOnlyOnFailureTestExecutionListener@238a7e3d, org.springframework.boot.test.autoconfigure.web.servlet.WebDriverTestExecutionListener@7ed5cc8c]
</system-out>
  </testcase>
  <testcase classname="org.springframework.cloud.netflix.eureka.server.RefreshablePeerEurekaNodesTests" name="dashboardUpdatedAsSoonAsRefreshed" time="0.374"/>
  <testcase classname="org.springframework.cloud.netflix.eureka.server.RefreshablePeerEurekaNodesTests" name="serviceUrlsCountAsSoonAsRefreshed" time="0.334"/>
  <testcase classname="org.springframework.cloud.netflix.eureka.server.RefreshablePeerEurekaNodesTests" name="peerEurekaNodesIsRefreshablePeerEurekaNodes" time="0.002"/>
  <testcase classname="org.springframework.cloud.netflix.eureka.server.RefreshablePeerEurekaNodesTests" name="notUpdatedWhenDnsIsTrue" time="0.132"/>
  <testcase classname="org.springframework.cloud.netflix.eureka.server.RefreshablePeerEurekaNodesTests" name="updatedWhenDnsIsFalse" time="0.162"/>
  <testcase classname="org.springframework.cloud.netflix.eureka.server.RefreshablePeerEurekaNodesTests" name="serviceUrlsValueAsSoonAsRefreshed" time="0.169"/>
  <testcase classname="org.springframework.cloud.netflix.eureka.server.RefreshablePeerEurekaNodesTests" name="updatedWhenRegionChanged" time="0.169">
    <skipped/>
  </testcase>
  <testcase classname="org.springframework.cloud.netflix.eureka.server.RefreshablePeerEurekaNodesTests" name="notUpdatedWhenIrrelevantPropertiesChanged" time="0.451"/>
  <testcase classname="org.springframework.cloud.netflix.eureka.server.RefreshablePeerEurekaNodesTests" name="notUpdatedForRelaxedKeys" time="0.079"/>
</testsuite>